Start testing: Nov 07 09:23 CST
----------------------------------------------------------
1/1 Testing: CryptoTest
1/1 Test: CryptoTest
Command: "/home/toddray/projects/SecureCryptoToolkit/build/tests/CryptoTest"
Directory: /home/toddray/projects/SecureCryptoToolkit/build/tests
"CryptoTest" start time: Nov 07 09:23 CST
Output:
----------------------------------------------------------
Running main() from ./googletest/src/gtest_main.cc
[==========] Running 16 tests from 3 test suites.
[----------] Global test environment set-up.
[----------] 4 tests from AESGCMTest
[ RUN      ] AESGCMTest.Basic128Test
[       OK ] AESGCMTest.Basic128Test (1 ms)
[ RUN      ] AESGCMTest.Basic256Test
[       OK ] AESGCMTest.Basic256Test (0 ms)
[ RUN      ] AESGCMTest.NonceWrongTest
[       OK ] AESGCMTest.NonceWrongTest (0 ms)
[ RUN      ] AESGCMTest.TagWrongTest
[       OK ] AESGCMTest.TagWrongTest (0 ms)
[----------] 4 tests from AESGCMTest (1 ms total)

[----------] 7 tests from HKDFTest
[ RUN      ] HKDFTest.StandartRFCTestSha_256
[       OK ] HKDFTest.StandartRFCTestSha_256 (0 ms)
[ RUN      ] HKDFTest.EmptySaltTest
[       OK ] HKDFTest.EmptySaltTest (0 ms)
[ RUN      ] HKDFTest.EmptyInfoTest
[       OK ] HKDFTest.EmptyInfoTest (0 ms)
[ RUN      ] HKDFTest.EmptyKeyTest
[       OK ] HKDFTest.EmptyKeyTest (0 ms)
[ RUN      ] HKDFTest.TooLongKeyTest
[       OK ] HKDFTest.TooLongKeyTest (0 ms)
[ RUN      ] HKDFTest.ConsistencyTest
[       OK ] HKDFTest.ConsistencyTest (0 ms)
[ RUN      ] HKDFTest.SensitivityTest
[       OK ] HKDFTest.SensitivityTest (0 ms)
[----------] 7 tests from HKDFTest (0 ms total)

[----------] 5 tests from SecureRandomTest
[ RUN      ] SecureRandomTest.RandomBytesZero
[       OK ] SecureRandomTest.RandomBytesZero (0 ms)
[ RUN      ] SecureRandomTest.RandomBytes512
[       OK ] SecureRandomTest.RandomBytes512 (0 ms)
[ RUN      ] SecureRandomTest.RandomBytes32
[       OK ] SecureRandomTest.RandomBytes32 (0 ms)
[ RUN      ] SecureRandomTest.RandomBytes64
[       OK ] SecureRandomTest.RandomBytes64 (0 ms)
[ RUN      ] SecureRandomTest.TooLargeRequestThrows
[       OK ] SecureRandomTest.TooLargeRequestThrows (0 ms)
[----------] 5 tests from SecureRandomTest (0 ms total)

[----------] Global test environment tear-down
[==========] 16 tests from 3 test suites ran. (1 ms total)
[  PASSED  ] 16 tests.
<end of output>
Test time =   0.00 sec
----------------------------------------------------------
Test Passed.
"CryptoTest" end time: Nov 07 09:23 CST
"CryptoTest" time elapsed: 00:00:00
----------------------------------------------------------

End testing: Nov 07 09:23 CST
