Start testing: Nov 05 16:55 CST
----------------------------------------------------------
1/1 Testing: CryptoTest
1/1 Test: CryptoTest
Command: "/home/toddray/projects/SecureCryptoToolkit/build/tests/CryptoTest"
Directory: /home/toddray/projects/SecureCryptoToolkit/build/tests
"CryptoTest" start time: Nov 05 16:55 CST
Output:
----------------------------------------------------------
Running main() from ./googletest/src/gtest_main.cc
[==========] Running 10 tests from 2 test suites.
[----------] Global test environment set-up.
[----------] 5 tests from AESGCMTest
[ RUN      ] AESGCMTest.Basic128Test
[       OK ] AESGCMTest.Basic128Test (1 ms)
[ RUN      ] AESGCMTest.Basic256Test
[       OK ] AESGCMTest.Basic256Test (0 ms)
[ RUN      ] AESGCMTest.NonceWrongTest
[       OK ] AESGCMTest.NonceWrongTest (0 ms)
[ RUN      ] AESGCMTest.TagWrongTest
[       OK ] AESGCMTest.TagWrongTest (0 ms)
[ RUN      ] AESGCMTest.TagWrongTest_2
unknown file: Failure
C++ exception with description "secure_crypto::aes_gcm_decrypt: Decrypt cipher failed" thrown in the test body.
[  FAILED  ] AESGCMTest.TagWrongTest_2 (0 ms)
[----------] 5 tests from AESGCMTest (1 ms total)

[----------] 5 tests from SecureRandomTest
[ RUN      ] SecureRandomTest.RandomBytesZero
[       OK ] SecureRandomTest.RandomBytesZero (0 ms)
[ RUN      ] SecureRandomTest.RandomBytes512
[       OK ] SecureRandomTest.RandomBytes512 (0 ms)
[ RUN      ] SecureRandomTest.RandomBytes32
[       OK ] SecureRandomTest.RandomBytes32 (0 ms)
[ RUN      ] SecureRandomTest.RandomBytes64
[       OK ] SecureRandomTest.RandomBytes64 (0 ms)
[ RUN      ] SecureRandomTest.TooLargeRequestThrows
[       OK ] SecureRandomTest.TooLargeRequestThrows (0 ms)
[----------] 5 tests from SecureRandomTest (0 ms total)

[----------] Global test environment tear-down
[==========] 10 tests from 2 test suites ran. (1 ms total)
[  PASSED  ] 9 tests.
[  FAILED  ] 1 test, listed below:
[  FAILED  ] AESGCMTest.TagWrongTest_2

 1 FAILED TEST
<end of output>
Test time =   0.00 sec
----------------------------------------------------------
Test Failed.
"CryptoTest" end time: Nov 05 16:55 CST
"CryptoTest" time elapsed: 00:00:00
----------------------------------------------------------

End testing: Nov 05 16:55 CST
